c:\users\tohdj\downloads\dx1220_ai_week 06_solution\ai\debug\vc143.pdb
c:\users\tohdj\downloads\dx1220_ai_week 06_solution\ai\debug\vc143.idb
c:\users\tohdj\downloads\dx1220_ai_week 06_solution\ai\debug\statesfishfood.obj
c:\users\tohdj\downloads\dx1220_ai_week 06_solution\ai\debug\statesfish.obj
c:\users\tohdj\downloads\dx1220_ai_week 06_solution\ai\debug\statemachine.obj
c:\users\tohdj\downloads\dx1220_ai_week 06_solution\ai\debug\state.obj
c:\users\tohdj\downloads\dx1220_ai_week 06_solution\ai\debug\shader.obj
c:\users\tohdj\downloads\dx1220_ai_week 06_solution\ai\debug\scenetictactoe.obj
c:\users\tohdj\downloads\dx1220_ai_week 06_solution\ai\debug\scenequeen.obj
c:\users\tohdj\downloads\dx1220_ai_week 06_solution\ai\debug\scenemovement.obj
c:\users\tohdj\downloads\dx1220_ai_week 06_solution\ai\debug\sceneknight.obj
c:\users\tohdj\downloads\dx1220_ai_week 06_solution\ai\debug\scenedata.obj
c:\users\tohdj\downloads\dx1220_ai_week 06_solution\ai\debug\scenebase.obj
c:\users\tohdj\downloads\dx1220_ai_week 06_solution\ai\debug\postoffice.obj
c:\users\tohdj\downloads\dx1220_ai_week 06_solution\ai\debug\meshbuilder.obj
c:\users\tohdj\downloads\dx1220_ai_week 06_solution\ai\debug\mesh.obj
c:\users\tohdj\downloads\dx1220_ai_week 06_solution\ai\debug\main.obj
c:\users\tohdj\downloads\dx1220_ai_week 06_solution\ai\debug\loadtga.obj
c:\users\tohdj\downloads\dx1220_ai_week 06_solution\ai\debug\loadobj.obj
c:\users\tohdj\downloads\dx1220_ai_week 06_solution\ai\debug\gameobject.obj
c:\users\tohdj\downloads\dx1220_ai_week 06_solution\ai\debug\camera.obj
c:\users\tohdj\downloads\dx1220_ai_week 06_solution\ai\debug\application.obj
c:\users\tohdj\downloads\dx1220_ai_week 06_solution\ai\debug\utility.obj
c:\users\tohdj\downloads\dx1220_ai_week 06_solution\ai\debug\statesshark.obj
c:\users\tohdj\downloads\dx1220_ai_week 06_solution\debug\ai.exe
c:\users\tohdj\downloads\dx1220_ai_week 06_solution\ai\debug\ai.ilk
c:\users\tohdj\downloads\dx1220_ai_week 06_solution\debug\ai.pdb
c:\users\tohdj\downloads\dx1220_ai_week 06_solution\ai\debug\ai.tlog\cl.command.1.tlog
c:\users\tohdj\downloads\dx1220_ai_week 06_solution\ai\debug\ai.tlog\cl.items.tlog
c:\users\tohdj\downloads\dx1220_ai_week 06_solution\ai\debug\ai.tlog\cl.read.1.tlog
c:\users\tohdj\downloads\dx1220_ai_week 06_solution\ai\debug\ai.tlog\cl.write.1.tlog
c:\users\tohdj\downloads\dx1220_ai_week 06_solution\ai\debug\ai.tlog\link.command.1.tlog
c:\users\tohdj\downloads\dx1220_ai_week 06_solution\ai\debug\ai.tlog\link.read.1.tlog
c:\users\tohdj\downloads\dx1220_ai_week 06_solution\ai\debug\ai.tlog\link.write.1.tlog
